<?xml version="1.0" encoding="UTF-8"?>
<!-- Generated by org.testng.reporters.JUnitXMLReporter -->
<testsuite ignored="0" hostname="THIYAGUVASU" failures="0" tests="9" name="Test" time="0.13" errors="0" timestamp="2022-06-21T01:51:15 IST">
  <testcase classname="com.AdactineMavenProject.Grouptng" name="spiceJet" time="0.014"/>
  <testcase classname="com.AdactineMavenProject.Grouptng" name="indiGo" time="0.003"/>
  <testcase classname="com.AdactineMavenProject.Grouptng" name="jetAirWays" time="0.002"/>
  <testcase classname="com.AdactineMavenProject.Grouptng" name="vistara" time="0.002"/>
  <testcase classname="com.AdactineMavenProject.Grouptng" name="alleppeyExpress" time="0.002"/>
  <testcase classname="com.AdactineMavenProject.Grouptng" name="bangaloreExpress" time="0.002"/>
  <testcase classname="com.AdactineMavenProject.Grouptng" name="chennaiExpress" time="0.002"/>
  <testcase classname="com.AdactineMavenProject.Grouptng" name="ksrtc" time="0.002"/>
  <testcase classname="com.AdactineMavenProject.Grouptng" name="setc" time="0.004"/>
</testsuite> <!-- Test -->
